<?xml version="1.0" encoding="UTF-8"?>
<testng-results skipped="0" failed="0" ignored="0" total="1" passed="1">
  <reporter-output>
  </reporter-output>
  <suite name="Default suite" duration-ms="142306" started-at="2018-12-16T09:44:11Z" finished-at="2018-12-16T09:46:34Z">
    <groups>
    </groups>
    <test name="Default test" duration-ms="142306" started-at="2018-12-16T09:44:11Z" finished-at="2018-12-16T09:46:34Z">
      <class name="FlightBookingTest">
        <test-method status="PASS" signature="testThatResultsAppearForAOneWayJourney()[pri:0, instance:FlightBookingTest@4678c730]" name="testThatResultsAppearForAOneWayJourney" duration-ms="142289" started-at="2018-12-16T15:14:11Z" finished-at="2018-12-16T15:16:34Z">
          <reporter-output>
          </reporter-output>
        </test-method> <!-- testThatResultsAppearForAOneWayJourney -->
      </class> <!-- FlightBookingTest -->
    </test> <!-- Default test -->
  </suite> <!-- Default suite -->
</testng-results>
